<?xml version="1.0" encoding="UTF-8"?>
<testsuite xmlns:xsi="http://www.w3.org/2001/XMLSchema-instance" xsi:noNamespaceSchemaLocation="https://maven.apache.org/surefire/maven-surefire-plugin/xsd/surefire-test-report-3.0.xsd" version="3.0" name="com.udacity.securityService.security.SecurityServiceTest" time="1.102" tests="23" errors="0" skipped="0" failures="0">
  <properties>
    <property name="java.specification.version" value="14"/>
    <property name="sun.cpu.isalist" value="amd64"/>
    <property name="sun.jnu.encoding" value="Cp1252"/>
    <property name="java.class.path" value="C:\Users\nithi\Downloads\cd0384-java-application-deployment-projectstarter-master\starter\catpoint-parent\Security-Service\target\test-classes;C:\Users\nithi\.m2\repository\com\google\guava\failureaccess\1.0.1\failureaccess-1.0.1.jar;C:\Users\nithi\.m2\repository\com\google\guava\listenablefuture\9999.0-empty-to-avoid-conflict-with-guava\listenablefuture-9999.0-empty-to-avoid-conflict-with-guava.jar;C:\Users\nithi\.m2\repository\com\google\code\findbugs\jsr305\3.0.2\jsr305-3.0.2.jar;C:\Users\nithi\.m2\repository\org\checkerframework\checker-qual\3.12.0\checker-qual-3.12.0.jar;C:\Users\nithi\.m2\repository\com\google\errorprone\error_prone_annotations\2.11.0\error_prone_annotations-2.11.0.jar;C:\Users\nithi\.m2\repository\com\google\j2objc\j2objc-annotations\1.3\j2objc-annotations-1.3.jar;C:\Users\nithi\.m2\repository\software\amazon\awssdk\annotations\2.17.191\annotations-2.17.191.jar;C:\Users\nithi\.m2\repository\software\amazon\awssdk\utils\2.17.191\utils-2.17.191.jar;C:\Users\nithi\.m2\repository\org\reactivestreams\reactive-streams\1.0.3\reactive-streams-1.0.3.jar;C:\Users\nithi\.m2\repository\software\amazon\awssdk\profiles\2.17.191\profiles-2.17.191.jar;C:\Users\nithi\.m2\repository\software\amazon\awssdk\http-client-spi\2.17.191\http-client-spi-2.17.191.jar;C:\Users\nithi\.m2\repository\software\amazon\awssdk\json-utils\2.17.191\json-utils-2.17.191.jar;C:\Users\nithi\.m2\repository\software\amazon\awssdk\third-party-jackson-core\2.17.191\third-party-jackson-core-2.17.191.jar;C:\Users\nithi\.m2\repository\software\amazon\eventstream\eventstream\1.0.1\eventstream-1.0.1.jar;C:\Users\nithi\.m2\repository\software\amazon\awssdk\aws-core\2.17.191\aws-core-2.17.191.jar;C:\Users\nithi\.m2\repository\software\amazon\awssdk\metrics-spi\2.17.191\metrics-spi-2.17.191.jar;C:\Users\nithi\.m2\repository\software\amazon\awssdk\aws-json-protocol\2.17.191\aws-json-protocol-2.17.191.jar;C:\Users\nithi\.m2\repository\software\amazon\awssdk\protocol-core\2.17.191\protocol-core-2.17.191.jar;C:\Users\nithi\.m2\repository\software\amazon\awssdk\apache-client\2.17.191\apache-client-2.17.191.jar;C:\Users\nithi\.m2\repository\org\apache\httpcomponents\httpclient\4.5.13\httpclient-4.5.13.jar;C:\Users\nithi\.m2\repository\commons-logging\commons-logging\1.2\commons-logging-1.2.jar;C:\Users\nithi\.m2\repository\commons-codec\commons-codec\1.11\commons-codec-1.11.jar;C:\Users\nithi\.m2\repository\org\apache\httpcomponents\httpcore\4.4.13\httpcore-4.4.13.jar;C:\Users\nithi\.m2\repository\software\amazon\awssdk\netty-nio-client\2.17.191\netty-nio-client-2.17.191.jar;C:\Users\nithi\.m2\repository\io\netty\netty-codec-http\4.1.77.Final\netty-codec-http-4.1.77.Final.jar;C:\Users\nithi\.m2\repository\io\netty\netty-codec-http2\4.1.77.Final\netty-codec-http2-4.1.77.Final.jar;C:\Users\nithi\.m2\repository\io\netty\netty-codec\4.1.77.Final\netty-codec-4.1.77.Final.jar;C:\Users\nithi\.m2\repository\io\netty\netty-transport\4.1.77.Final\netty-transport-4.1.77.Final.jar;C:\Users\nithi\.m2\repository\io\netty\netty-resolver\4.1.77.Final\netty-resolver-4.1.77.Final.jar;C:\Users\nithi\.m2\repository\io\netty\netty-common\4.1.77.Final\netty-common-4.1.77.Final.jar;C:\Users\nithi\.m2\repository\io\netty\netty-buffer\4.1.77.Final\netty-buffer-4.1.77.Final.jar;C:\Users\nithi\.m2\repository\io\netty\netty-handler\4.1.77.Final\netty-handler-4.1.77.Final.jar;C:\Users\nithi\.m2\repository\io\netty\netty-transport-classes-epoll\4.1.77.Final\netty-transport-classes-epoll-4.1.77.Final.jar;C:\Users\nithi\.m2\repository\io\netty\netty-transport-native-unix-common\4.1.77.Final\netty-transport-native-unix-common-4.1.77.Final.jar;C:\Users\nithi\.m2\repository\com\typesafe\netty\netty-reactive-streams-http\2.0.5\netty-reactive-streams-http-2.0.5.jar;C:\Users\nithi\.m2\repository\com\typesafe\netty\netty-reactive-streams\2.0.5\netty-reactive-streams-2.0.5.jar;C:\Users\nithi\.m2\repository\org\junit\jupiter\junit-jupiter-api\5.8.2\junit-jupiter-api-5.8.2.jar;C:\Users\nithi\.m2\repository\org\opentest4j\opentest4j\1.2.0\opentest4j-1.2.0.jar;C:\Users\nithi\.m2\repository\org\junit\platform\junit-platform-commons\1.8.2\junit-platform-commons-1.8.2.jar;C:\Users\nithi\.m2\repository\org\apiguardian\apiguardian-api\1.1.2\apiguardian-api-1.1.2.jar;C:\Users\nithi\.m2\repository\org\mockito\mockito-junit-jupiter\4.5.1\mockito-junit-jupiter-4.5.1.jar;C:\Users\nithi\.m2\repository\org\mockito\mockito-core\4.5.1\mockito-core-4.5.1.jar;C:\Users\nithi\.m2\repository\net\bytebuddy\byte-buddy\1.12.9\byte-buddy-1.12.9.jar;C:\Users\nithi\.m2\repository\net\bytebuddy\byte-buddy-agent\1.12.9\byte-buddy-agent-1.12.9.jar;C:\Users\nithi\.m2\repository\org\objenesis\objenesis\3.2\objenesis-3.2.jar;C:\Users\nithi\.m2\repository\org\junit\jupiter\junit-jupiter-params\5.9.0-M1\junit-jupiter-params-5.9.0-M1.jar;"/>
    <property name="java.vm.vendor" value="Oracle Corporation"/>
    <property name="sun.arch.data.model" value="64"/>
    <property name="user.variant" value=""/>
    <property name="java.vendor.url" value="https://java.oracle.com/"/>
    <property name="user.timezone" value="Asia/Calcutta"/>
    <property name="os.name" value="Windows 10"/>
    <property name="java.vm.specification.version" value="14"/>
    <property name="sun.java.launcher" value="SUN_STANDARD"/>
    <property name="user.country" value="IN"/>
    <property name="sun.boot.library.path" value="C:\Program Files\Java\jdk-14\bin"/>
    <property name="sun.java.command" value="org.apache.maven.surefire.booter.ForkedBooter C:\Users\nithi\AppData\Local\Temp\surefire9844807390870617536 2022-05-26T09-15-23_438-jvmRun1 surefire1095115941959292085tmp surefire_09102352741972819029tmp"/>
    <property name="jdk.debug" value="release"/>
    <property name="surefire.test.class.path" value="C:\Users\nithi\Downloads\cd0384-java-application-deployment-projectstarter-master\starter\catpoint-parent\Security-Service\target\test-classes;C:\Users\nithi\.m2\repository\com\google\guava\failureaccess\1.0.1\failureaccess-1.0.1.jar;C:\Users\nithi\.m2\repository\com\google\guava\listenablefuture\9999.0-empty-to-avoid-conflict-with-guava\listenablefuture-9999.0-empty-to-avoid-conflict-with-guava.jar;C:\Users\nithi\.m2\repository\com\google\code\findbugs\jsr305\3.0.2\jsr305-3.0.2.jar;C:\Users\nithi\.m2\repository\org\checkerframework\checker-qual\3.12.0\checker-qual-3.12.0.jar;C:\Users\nithi\.m2\repository\com\google\errorprone\error_prone_annotations\2.11.0\error_prone_annotations-2.11.0.jar;C:\Users\nithi\.m2\repository\com\google\j2objc\j2objc-annotations\1.3\j2objc-annotations-1.3.jar;C:\Users\nithi\.m2\repository\software\amazon\awssdk\annotations\2.17.191\annotations-2.17.191.jar;C:\Users\nithi\.m2\repository\software\amazon\awssdk\utils\2.17.191\utils-2.17.191.jar;C:\Users\nithi\.m2\repository\org\reactivestreams\reactive-streams\1.0.3\reactive-streams-1.0.3.jar;C:\Users\nithi\.m2\repository\software\amazon\awssdk\profiles\2.17.191\profiles-2.17.191.jar;C:\Users\nithi\.m2\repository\software\amazon\awssdk\http-client-spi\2.17.191\http-client-spi-2.17.191.jar;C:\Users\nithi\.m2\repository\software\amazon\awssdk\json-utils\2.17.191\json-utils-2.17.191.jar;C:\Users\nithi\.m2\repository\software\amazon\awssdk\third-party-jackson-core\2.17.191\third-party-jackson-core-2.17.191.jar;C:\Users\nithi\.m2\repository\software\amazon\eventstream\eventstream\1.0.1\eventstream-1.0.1.jar;C:\Users\nithi\.m2\repository\software\amazon\awssdk\aws-core\2.17.191\aws-core-2.17.191.jar;C:\Users\nithi\.m2\repository\software\amazon\awssdk\metrics-spi\2.17.191\metrics-spi-2.17.191.jar;C:\Users\nithi\.m2\repository\software\amazon\awssdk\aws-json-protocol\2.17.191\aws-json-protocol-2.17.191.jar;C:\Users\nithi\.m2\repository\software\amazon\awssdk\protocol-core\2.17.191\protocol-core-2.17.191.jar;C:\Users\nithi\.m2\repository\software\amazon\awssdk\apache-client\2.17.191\apache-client-2.17.191.jar;C:\Users\nithi\.m2\repository\org\apache\httpcomponents\httpclient\4.5.13\httpclient-4.5.13.jar;C:\Users\nithi\.m2\repository\commons-logging\commons-logging\1.2\commons-logging-1.2.jar;C:\Users\nithi\.m2\repository\commons-codec\commons-codec\1.11\commons-codec-1.11.jar;C:\Users\nithi\.m2\repository\org\apache\httpcomponents\httpcore\4.4.13\httpcore-4.4.13.jar;C:\Users\nithi\.m2\repository\software\amazon\awssdk\netty-nio-client\2.17.191\netty-nio-client-2.17.191.jar;C:\Users\nithi\.m2\repository\io\netty\netty-codec-http\4.1.77.Final\netty-codec-http-4.1.77.Final.jar;C:\Users\nithi\.m2\repository\io\netty\netty-codec-http2\4.1.77.Final\netty-codec-http2-4.1.77.Final.jar;C:\Users\nithi\.m2\repository\io\netty\netty-codec\4.1.77.Final\netty-codec-4.1.77.Final.jar;C:\Users\nithi\.m2\repository\io\netty\netty-transport\4.1.77.Final\netty-transport-4.1.77.Final.jar;C:\Users\nithi\.m2\repository\io\netty\netty-resolver\4.1.77.Final\netty-resolver-4.1.77.Final.jar;C:\Users\nithi\.m2\repository\io\netty\netty-common\4.1.77.Final\netty-common-4.1.77.Final.jar;C:\Users\nithi\.m2\repository\io\netty\netty-buffer\4.1.77.Final\netty-buffer-4.1.77.Final.jar;C:\Users\nithi\.m2\repository\io\netty\netty-handler\4.1.77.Final\netty-handler-4.1.77.Final.jar;C:\Users\nithi\.m2\repository\io\netty\netty-transport-classes-epoll\4.1.77.Final\netty-transport-classes-epoll-4.1.77.Final.jar;C:\Users\nithi\.m2\repository\io\netty\netty-transport-native-unix-common\4.1.77.Final\netty-transport-native-unix-common-4.1.77.Final.jar;C:\Users\nithi\.m2\repository\com\typesafe\netty\netty-reactive-streams-http\2.0.5\netty-reactive-streams-http-2.0.5.jar;C:\Users\nithi\.m2\repository\com\typesafe\netty\netty-reactive-streams\2.0.5\netty-reactive-streams-2.0.5.jar;C:\Users\nithi\.m2\repository\org\junit\jupiter\junit-jupiter-api\5.8.2\junit-jupiter-api-5.8.2.jar;C:\Users\nithi\.m2\repository\org\opentest4j\opentest4j\1.2.0\opentest4j-1.2.0.jar;C:\Users\nithi\.m2\repository\org\junit\platform\junit-platform-commons\1.8.2\junit-platform-commons-1.8.2.jar;C:\Users\nithi\.m2\repository\org\apiguardian\apiguardian-api\1.1.2\apiguardian-api-1.1.2.jar;C:\Users\nithi\.m2\repository\org\mockito\mockito-junit-jupiter\4.5.1\mockito-junit-jupiter-4.5.1.jar;C:\Users\nithi\.m2\repository\org\mockito\mockito-core\4.5.1\mockito-core-4.5.1.jar;C:\Users\nithi\.m2\repository\net\bytebuddy\byte-buddy\1.12.9\byte-buddy-1.12.9.jar;C:\Users\nithi\.m2\repository\net\bytebuddy\byte-buddy-agent\1.12.9\byte-buddy-agent-1.12.9.jar;C:\Users\nithi\.m2\repository\org\objenesis\objenesis\3.2\objenesis-3.2.jar;C:\Users\nithi\.m2\repository\org\junit\jupiter\junit-jupiter-params\5.9.0-M1\junit-jupiter-params-5.9.0-M1.jar;"/>
    <property name="sun.cpu.endian" value="little"/>
    <property name="user.home" value="C:\Users\nithi"/>
    <property name="user.language" value="en"/>
    <property name="java.specification.vendor" value="Oracle Corporation"/>
    <property name="jdk.module.path" value="C:\Users\nithi\Downloads\cd0384-java-application-deployment-projectstarter-master\starter\catpoint-parent\Security-Service\target\classes;C:\Users\nithi\.m2\repository\com\miglayout\miglayout\3.7.4\miglayout-3.7.4.jar;C:\Users\nithi\.m2\repository\com\google\guava\guava\31.1-jre\guava-31.1-jre.jar;C:\Users\nithi\.m2\repository\com\google\code\gson\gson\2.9.0\gson-2.9.0.jar;C:\Users\nithi\Downloads\cd0384-java-application-deployment-projectstarter-master\starter\catpoint-parent\Image-Service\target\Image-Service-1.0-SNAPSHOT.jar;C:\Users\nithi\.m2\repository\org\slf4j\slf4j-api\2.0.0-alpha7\slf4j-api-2.0.0-alpha7.jar;C:\Users\nithi\.m2\repository\software\amazon\awssdk\auth\2.17.191\auth-2.17.191.jar;C:\Users\nithi\.m2\repository\software\amazon\awssdk\sdk-core\2.17.191\sdk-core-2.17.191.jar;C:\Users\nithi\.m2\repository\software\amazon\awssdk\regions\2.17.191\regions-2.17.191.jar;C:\Users\nithi\.m2\repository\software\amazon\awssdk\rekognition\2.17.191\rekognition-2.17.191.jar"/>
    <property name="java.version.date" value="2020-03-17"/>
    <property name="java.home" value="C:\Program Files\Java\jdk-14"/>
    <property name="file.separator" value="\"/>
    <property name="basedir" value="C:\Users\nithi\Downloads\cd0384-java-application-deployment-projectstarter-master\starter\catpoint-parent\Security-Service"/>
    <property name="java.vm.compressedOopsMode" value="Zero based"/>
    <property name="line.separator" value="&#10;"/>
    <property name="java.vm.specification.vendor" value="Oracle Corporation"/>
    <property name="java.specification.name" value="Java Platform API Specification"/>
    <property name="surefire.real.class.path" value="C:\Users\nithi\.m2\repository\org\apache\maven\surefire\surefire-booter\3.0.0-M5\surefire-booter-3.0.0-M5.jar;C:\Users\nithi\.m2\repository\org\apache\maven\surefire\surefire-api\3.0.0-M5\surefire-api-3.0.0-M5.jar;C:\Users\nithi\.m2\repository\org\apache\maven\surefire\surefire-logger-api\3.0.0-M5\surefire-logger-api-3.0.0-M5.jar;C:\Users\nithi\.m2\repository\org\apache\maven\surefire\surefire-shared-utils\3.0.0-M4\surefire-shared-utils-3.0.0-M4.jar;C:\Users\nithi\.m2\repository\org\apache\maven\surefire\surefire-extensions-spi\3.0.0-M5\surefire-extensions-spi-3.0.0-M5.jar;C:\Users\nithi\Downloads\cd0384-java-application-deployment-projectstarter-master\starter\catpoint-parent\Security-Service\target\test-classes;C:\Users\nithi\.m2\repository\com\google\guava\failureaccess\1.0.1\failureaccess-1.0.1.jar;C:\Users\nithi\.m2\repository\com\google\guava\listenablefuture\9999.0-empty-to-avoid-conflict-with-guava\listenablefuture-9999.0-empty-to-avoid-conflict-with-guava.jar;C:\Users\nithi\.m2\repository\com\google\code\findbugs\jsr305\3.0.2\jsr305-3.0.2.jar;C:\Users\nithi\.m2\repository\org\checkerframework\checker-qual\3.12.0\checker-qual-3.12.0.jar;C:\Users\nithi\.m2\repository\com\google\errorprone\error_prone_annotations\2.11.0\error_prone_annotations-2.11.0.jar;C:\Users\nithi\.m2\repository\com\google\j2objc\j2objc-annotations\1.3\j2objc-annotations-1.3.jar;C:\Users\nithi\.m2\repository\software\amazon\awssdk\annotations\2.17.191\annotations-2.17.191.jar;C:\Users\nithi\.m2\repository\software\amazon\awssdk\utils\2.17.191\utils-2.17.191.jar;C:\Users\nithi\.m2\repository\org\reactivestreams\reactive-streams\1.0.3\reactive-streams-1.0.3.jar;C:\Users\nithi\.m2\repository\software\amazon\awssdk\profiles\2.17.191\profiles-2.17.191.jar;C:\Users\nithi\.m2\repository\software\amazon\awssdk\http-client-spi\2.17.191\http-client-spi-2.17.191.jar;C:\Users\nithi\.m2\repository\software\amazon\awssdk\json-utils\2.17.191\json-utils-2.17.191.jar;C:\Users\nithi\.m2\repository\software\amazon\awssdk\third-party-jackson-core\2.17.191\third-party-jackson-core-2.17.191.jar;C:\Users\nithi\.m2\repository\software\amazon\eventstream\eventstream\1.0.1\eventstream-1.0.1.jar;C:\Users\nithi\.m2\repository\software\amazon\awssdk\aws-core\2.17.191\aws-core-2.17.191.jar;C:\Users\nithi\.m2\repository\software\amazon\awssdk\metrics-spi\2.17.191\metrics-spi-2.17.191.jar;C:\Users\nithi\.m2\repository\software\amazon\awssdk\aws-json-protocol\2.17.191\aws-json-protocol-2.17.191.jar;C:\Users\nithi\.m2\repository\software\amazon\awssdk\protocol-core\2.17.191\protocol-core-2.17.191.jar;C:\Users\nithi\.m2\repository\software\amazon\awssdk\apache-client\2.17.191\apache-client-2.17.191.jar;C:\Users\nithi\.m2\repository\org\apache\httpcomponents\httpclient\4.5.13\httpclient-4.5.13.jar;C:\Users\nithi\.m2\repository\commons-logging\commons-logging\1.2\commons-logging-1.2.jar;C:\Users\nithi\.m2\repository\commons-codec\commons-codec\1.11\commons-codec-1.11.jar;C:\Users\nithi\.m2\repository\org\apache\httpcomponents\httpcore\4.4.13\httpcore-4.4.13.jar;C:\Users\nithi\.m2\repository\software\amazon\awssdk\netty-nio-client\2.17.191\netty-nio-client-2.17.191.jar;C:\Users\nithi\.m2\repository\io\netty\netty-codec-http\4.1.77.Final\netty-codec-http-4.1.77.Final.jar;C:\Users\nithi\.m2\repository\io\netty\netty-codec-http2\4.1.77.Final\netty-codec-http2-4.1.77.Final.jar;C:\Users\nithi\.m2\repository\io\netty\netty-codec\4.1.77.Final\netty-codec-4.1.77.Final.jar;C:\Users\nithi\.m2\repository\io\netty\netty-transport\4.1.77.Final\netty-transport-4.1.77.Final.jar;C:\Users\nithi\.m2\repository\io\netty\netty-resolver\4.1.77.Final\netty-resolver-4.1.77.Final.jar;C:\Users\nithi\.m2\repository\io\netty\netty-common\4.1.77.Final\netty-common-4.1.77.Final.jar;C:\Users\nithi\.m2\repository\io\netty\netty-buffer\4.1.77.Final\netty-buffer-4.1.77.Final.jar;C:\Users\nithi\.m2\repository\io\netty\netty-handler\4.1.77.Final\netty-handler-4.1.77.Final.jar;C:\Users\nithi\.m2\repository\io\netty\netty-transport-classes-epoll\4.1.77.Final\netty-transport-classes-epoll-4.1.77.Final.jar;C:\Users\nithi\.m2\repository\io\netty\netty-transport-native-unix-common\4.1.77.Final\netty-transport-native-unix-common-4.1.77.Final.jar;C:\Users\nithi\.m2\repository\com\typesafe\netty\netty-reactive-streams-http\2.0.5\netty-reactive-streams-http-2.0.5.jar;C:\Users\nithi\.m2\repository\com\typesafe\netty\netty-reactive-streams\2.0.5\netty-reactive-streams-2.0.5.jar;C:\Users\nithi\.m2\repository\org\junit\jupiter\junit-jupiter-api\5.8.2\junit-jupiter-api-5.8.2.jar;C:\Users\nithi\.m2\repository\org\opentest4j\opentest4j\1.2.0\opentest4j-1.2.0.jar;C:\Users\nithi\.m2\repository\org\junit\platform\junit-platform-commons\1.8.2\junit-platform-commons-1.8.2.jar;C:\Users\nithi\.m2\repository\org\apiguardian\apiguardian-api\1.1.2\apiguardian-api-1.1.2.jar;C:\Users\nithi\.m2\repository\org\mockito\mockito-junit-jupiter\4.5.1\mockito-junit-jupiter-4.5.1.jar;C:\Users\nithi\.m2\repository\org\mockito\mockito-core\4.5.1\mockito-core-4.5.1.jar;C:\Users\nithi\.m2\repository\net\bytebuddy\byte-buddy\1.12.9\byte-buddy-1.12.9.jar;C:\Users\nithi\.m2\repository\net\bytebuddy\byte-buddy-agent\1.12.9\byte-buddy-agent-1.12.9.jar;C:\Users\nithi\.m2\repository\org\objenesis\objenesis\3.2\objenesis-3.2.jar;C:\Users\nithi\.m2\repository\org\junit\jupiter\junit-jupiter-params\5.9.0-M1\junit-jupiter-params-5.9.0-M1.jar;C:\Users\nithi\.m2\repository\org\apache\maven\surefire\surefire-junit-platform\3.0.0-M5\surefire-junit-platform-3.0.0-M5.jar;C:\Users\nithi\.m2\repository\org\apache\maven\surefire\common-java5\3.0.0-M5\common-java5-3.0.0-M5.jar;C:\Users\nithi\.m2\repository\org\junit\platform\junit-platform-launcher\1.8.2\junit-platform-launcher-1.8.2.jar;C:\Users\nithi\.m2\repository\org\junit\platform\junit-platform-engine\1.8.2\junit-platform-engine-1.8.2.jar;C:\Users\nithi\.m2\repository\org\junit\jupiter\junit-jupiter-engine\5.8.2\junit-jupiter-engine-5.8.2.jar"/>
    <property name="user.script" value=""/>
    <property name="sun.management.compiler" value="HotSpot 64-Bit Tiered Compilers"/>
    <property name="java.runtime.version" value="14+36-1461"/>
    <property name="user.name" value="nithi"/>
    <property name="path.separator" value=";"/>
    <property name="os.version" value="10.0"/>
    <property name="java.runtime.name" value="Java(TM) SE Runtime Environment"/>
    <property name="file.encoding" value="Cp1252"/>
    <property name="java.vm.name" value="Java HotSpot(TM) 64-Bit Server VM"/>
    <property name="localRepository" value="C:\Users\nithi\.m2\repository"/>
    <property name="java.vendor.url.bug" value="https://bugreport.java.com/bugreport/"/>
    <property name="java.io.tmpdir" value="C:\Users\nithi\AppData\Local\Temp\"/>
    <property name="java.version" value="14"/>
    <property name="user.dir" value="C:\Users\nithi\Downloads\cd0384-java-application-deployment-projectstarter-master\starter\catpoint-parent\Security-Service"/>
    <property name="os.arch" value="amd64"/>
    <property name="java.vm.specification.name" value="Java Virtual Machine Specification"/>
    <property name="sun.os.patch.level" value=""/>
    <property name="java.library.path" value="C:\Program Files\Java\jdk-14\bin;C:\WINDOWS\Sun\Java\bin;C:\WINDOWS\system32;C:\WINDOWS;C:\WINDOWS\system32;C:\WINDOWS;C:\WINDOWS\System32\Wbem;C:\WINDOWS\System32\WindowsPowerShell\v1.0\;C:\WINDOWS\System32\OpenSSH\;C:\msys64\mingw64\bin;C:\Program Files\Git\cmd;C:\Program Files\apache-maven-3.8.5-bin\apache-maven-3.8.5\bin;C:\Program Files\Java\jdk-14\bin;C:\Users\nithi\AppData\Local\Programs\Python\Python310\Scripts\;C:\Users\nithi\AppData\Local\Programs\Python\Python310\;C:\Users\nithi\AppData\Local\Microsoft\WindowsApps;C:\Program Files\JetBrains\PyCharm Community Edition 2021.2.3\bin;;C:\Users\nithi\AppData\Local\Programs\Microsoft VS Code\bin;C:\Program Files (x86)\Nmap;C:\Program Files\JetBrains\IntelliJ IDEA Community Edition 2021.3.2\bin;;C:\Users\nithi\AppData\Local\GitHubDesktop\bin;;."/>
    <property name="java.vm.info" value="mixed mode"/>
    <property name="java.vendor" value="Oracle Corporation"/>
    <property name="java.vm.version" value="14+36-1461"/>
    <property name="sun.io.unicode.encoding" value="UnicodeLittle"/>
    <property name="java.class.version" value="58.0"/>
  </properties>
  <testcase name="systemIsArmedSetAllSensorsToInactive(ArmingStatus)[1]" classname="com.udacity.securityService.security.SecurityServiceTest" time="0.736"/>
  <testcase name="systemIsArmedSetAllSensorsToInactive(ArmingStatus)[2]" classname="com.udacity.securityService.security.SecurityServiceTest" time="0.004"/>
  <testcase name="changeAlarmStatusSystemArmedHomeAndCatDetectedChangeToAlarmStatus" classname="com.udacity.securityService.security.SecurityServiceTest" time="0.141"/>
  <testcase name="alarmArmedSensorActivatedPutSystemToPending" classname="com.udacity.securityService.security.SecurityServiceTest" time="0.004"/>
  <testcase name="pendingAlarmAndSensorInactiveSetNoAlarmState" classname="com.udacity.securityService.security.SecurityServiceTest" time="0.002"/>
  <testcase name="testAddRemoveListener" classname="com.udacity.securityService.security.SecurityServiceTest" time="0.001"/>
  <testcase name="systemIsDisalarmedSetStatusToNoAlarm" classname="com.udacity.securityService.security.SecurityServiceTest" time="0.002"/>
  <testcase name="testTheHandleSensorDeactivatedWhenAlarmInAlarmState" classname="com.udacity.securityService.security.SecurityServiceTest" time="0.004"/>
  <testcase name="AlarmStateAndSystemDisarmedChangeStatusToPending" classname="com.udacity.securityService.security.SecurityServiceTest" time="0.002"/>
  <testcase name="deactivateASensorWhenTheSystemIsInTheALARMState" classname="com.udacity.securityService.security.SecurityServiceTest" time="0.003"/>
  <testcase name="systemArmedHomeCamaraShowsCatSetAlarmStatus" classname="com.udacity.securityService.security.SecurityServiceTest" time="0.004"/>
  <testcase name="sensorActivatedWhileAlreadyActive_SystemPendingState_ChangeToAlarmState" classname="com.udacity.securityService.security.SecurityServiceTest" time="0.002"/>
  <testcase name="testTheHandleSensorDeactivatedWhenAlarmInPendingAlarmState" classname="com.udacity.securityService.security.SecurityServiceTest" time="0.002"/>
  <testcase name="testAddRemoveSensor" classname="com.udacity.securityService.security.SecurityServiceTest" time="0.001"/>
  <testcase name="catDetectedPutTheSystemInToAlarmState" classname="com.udacity.securityService.security.SecurityServiceTest" time="0.002"/>
  <testcase name="alarmArmedSensorActivatedSystemAlreadyInPendingSetAlarmStatusToAlarm" classname="com.udacity.securityService.security.SecurityServiceTest" time="0.002"/>
  <testcase name="sensorDeactivatedWhileInactiveMakeNoChangeToAlarmState(AlarmStatus)[1]" classname="com.udacity.securityService.security.SecurityServiceTest" time="0.007"/>
  <testcase name="sensorDeactivatedWhileInactiveMakeNoChangeToAlarmState(AlarmStatus)[2]" classname="com.udacity.securityService.security.SecurityServiceTest" time="0.002"/>
  <testcase name="sensorDeactivatedWhileInactiveMakeNoChangeToAlarmState(AlarmStatus)[3]" classname="com.udacity.securityService.security.SecurityServiceTest" time="0.003"/>
  <testcase name="alarmIsActiveChangeInSensorStateShouldNotEffectAlarmState(boolean)[1]" classname="com.udacity.securityService.security.SecurityServiceTest" time="0.003"/>
  <testcase name="alarmIsActiveChangeInSensorStateShouldNotEffectAlarmState(boolean)[2]" classname="com.udacity.securityService.security.SecurityServiceTest" time="0.002"/>
  <testcase name="noACatImageIdentifiedChangeStatusToNoAlarmAsLongAsSensorsNotActive" classname="com.udacity.securityService.security.SecurityServiceTest" time="0.004"/>
  <testcase name="whenCatIsDetectedAndArmingStatusIsHomeSetAlarmStatus" classname="com.udacity.securityService.security.SecurityServiceTest" time="0.002"/>
</testsuite>